<?xml version="1.0" encoding="UTF-8" standalone="no"?>
<testsuite errors="0" failures="1" name="io.cucumber.core.plugin.JUnitFormatter" skipped="0" tests="3" time="30.332">
    <testcase classname="This feature is to get the CEO name from the ORANGEHRM App" name="The test is to verify  the CEO name" time="24.235">
        <system-out><![CDATA[Given the user is logged in successfully and is on home page................passed
When the user clicks on the directory option from the menu bar..............passed
And the user select the job title as "Chief Executive Officer" from the drop down.passed
And clicks the search button................................................passed
Then the user should see the CEO name as "John Smith".......................passed
]]></system-out>
    </testcase>
    <testcase classname="Unknown" name="_2" time="0.853">
        <failure message="Step [Select the SubUnit] is defined with 1 parameters at 'com.Step_def.Verify_Pending_Leave.select_the_sub_unit(java.lang.String)'.&#10;However, the gherkin step has 0 arguments.&#10;Step text: Select the SubUnit" type="io.cucumber.core.exception.CucumberException"><![CDATA[Given user should be fill the leave list....................................passed
When user should be select from date "" and to date ""......................passed
And Check the leave status..................................................passed
And enter the employee name ""..............................................passed
And Select the SubUnit......................................................failed
Then Click the SearchButton.................................................skipped

StackTrace:
io.cucumber.core.exception.CucumberException: Step [Select the SubUnit] is defined with 1 parameters at 'com.Step_def.Verify_Pending_Leave.select_the_sub_unit(java.lang.String)'.
However, the gherkin step has 0 arguments.
Step text: Select the SubUnit
	at io.cucumber.core.runner.PickleStepDefinitionMatch.arityMismatch(PickleStepDefinitionMatch.java:83)
	at io.cucumber.core.runner.PickleStepDefinitionMatch.runStep(PickleStepDefinitionMatch.java:42)
	at io.cucumber.core.runner.ExecutionMode$1.execute(ExecutionMode.java:10)
	at io.cucumber.core.runner.TestStep.executeStep(TestStep.java:92)
	at io.cucumber.core.runner.TestStep.run(TestStep.java:64)
	at io.cucumber.core.runner.PickleStepTestStep.run(PickleStepTestStep.java:51)
	at io.cucumber.core.runner.TestCase.run(TestCase.java:104)
	at io.cucumber.core.runner.Runner.runPickle(Runner.java:73)
	at io.cucumber.junit.PickleRunners$NoStepDescriptions.run(PickleRunners.java:151)
	at io.cucumber.junit.FeatureRunner.runChild(FeatureRunner.java:135)
	at io.cucumber.junit.FeatureRunner.runChild(FeatureRunner.java:27)
	at org.junit.runners.ParentRunner$4.run(ParentRunner.java:331)
	at org.junit.runners.ParentRunner$1.schedule(ParentRunner.java:79)
	at org.junit.runners.ParentRunner.runChildren(ParentRunner.java:329)
	at org.junit.runners.ParentRunner.access$100(ParentRunner.java:66)
	at org.junit.runners.ParentRunner$2.evaluate(ParentRunner.java:293)
	at org.junit.runners.ParentRunner$3.evaluate(ParentRunner.java:306)
	at org.junit.runners.ParentRunner.run(ParentRunner.java:413)
	at io.cucumber.junit.Cucumber.runChild(Cucumber.java:200)
	at io.cucumber.junit.Cucumber.runChild(Cucumber.java:90)
	at org.junit.runners.ParentRunner$4.run(ParentRunner.java:331)
	at org.junit.runners.ParentRunner$1.schedule(ParentRunner.java:79)
	at org.junit.runners.ParentRunner.runChildren(ParentRunner.java:329)
	at org.junit.runners.ParentRunner.access$100(ParentRunner.java:66)
	at org.junit.runners.ParentRunner$2.evaluate(ParentRunner.java:293)
	at io.cucumber.junit.Cucumber$RunCucumber.evaluate(Cucumber.java:235)
	at org.junit.runners.ParentRunner$3.evaluate(ParentRunner.java:306)
	at org.junit.runners.ParentRunner.run(ParentRunner.java:413)
	at org.eclipse.jdt.internal.junit4.runner.JUnit4TestReference.run(JUnit4TestReference.java:93)
	at org.eclipse.jdt.internal.junit.runner.TestExecution.run(TestExecution.java:40)
	at org.eclipse.jdt.internal.junit.runner.RemoteTestRunner.runTests(RemoteTestRunner.java:529)
	at org.eclipse.jdt.internal.junit.runner.RemoteTestRunner.runTests(RemoteTestRunner.java:756)
	at org.eclipse.jdt.internal.junit.runner.RemoteTestRunner.run(RemoteTestRunner.java:452)
	at org.eclipse.jdt.internal.junit.runner.RemoteTestRunner.main(RemoteTestRunner.java:210)
]]></failure>
    </testcase>
    <testcase classname="This feature is to get pending Timesheet" name="This test is to verify the pending Timesheet" time="4.934">
        <system-out><![CDATA[Given the user is on the homepage...........................................passed
And the user clicks on the time option from the menu........................passed
And the user enters the name as "John Smith"................................passed
And clicks on view button...................................................passed
Then the user should see the message as "<message>".........................passed
And add the timesheet.......................................................passed
And Create the timesheet....................................................passed
]]></system-out>
    </testcase>
</testsuite>
