<?xml version="1.0" encoding="UTF-8"?>
<testng-results ignored="0" total="1" passed="1" failed="0" skipped="0">
  <reporter-output>
  </reporter-output>
  <suite started-at="2021-12-24T09:12:07 IST" name="Default suite" finished-at="2021-12-24T09:12:09 IST" duration-ms="2092">
    <groups>
    </groups>
    <test started-at="2021-12-24T09:12:07 IST" name="Default test" finished-at="2021-12-24T09:12:09 IST" duration-ms="2092">
      <class name="api_rest_assured.Test_Post">
        <test-method signature="test_Delete()[pri:0, instance:api_rest_assured.Test_Post@4d5d943d]" started-at="2021-12-24T09:12:07 IST" name="test_Delete" finished-at="2021-12-24T09:12:09 IST" duration-ms="2047" status="PASS">
          <reporter-output>
          </reporter-output>
        </test-method> <!-- test_Delete -->
      </class> <!-- api_rest_assured.Test_Post -->
    </test> <!-- Default test -->
  </suite> <!-- Default suite -->
</testng-results>
